#
# A fatal error has been detected by the Java Runtime Environment:
#
#  SIGBUS (0x7) at pc=0x00007f8e550521fa, pid=25895, tid=140248999315200
#
# JRE version: Java(TM) SE Runtime Environment (8.0_73-b02) (build 1.8.0_73-b02)
# Java VM: Java HotSpot(TM) 64-Bit Server VM (25.73-b02 mixed mode linux-amd64 compressed oops)
# Problematic frame:
# v  ~StubRoutines::jbyte_disjoint_arraycopy
#
# Failed to write core dump. Core dumps have been disabled. To enable core dumping, try "ulimit -c unlimited" before starting Java again
#
# If you would like to submit a bug report, please visit:
#   http://bugreport.java.com/bugreport/crash.jsp
#

---------------  T H R E A D  ---------------

Current thread (0x00007f8e50314000):  JavaThread "pool-1-thread-1" [_thread_in_Java, id=26103, stack(0x00007f8e43c4c000,0x00007f8e43c8d000)]

siginfo: si_signo: 7 (SIGBUS), si_code: 2 (BUS_ADRERR), si_addr: 0x00007f8e42263000

Registers:
RAX=0x000000008d7fc42e, RBX=0x0000000000000036, RCX=0x0000000000000036, RDX=0xfffffffffffffffe
RSP=0x00007f8e43c8aee0, RBP=0x00007f8e43c8aee0, RSI=0x00007f8e4226300d, RDI=0x000000008d7fc420
R8 =0x000000008d7fc3e8, R9 =0x0000000000fbcfe5, R10=0x00007f8e55052be0, R11=0x000000008d7fc3e8
R12=0x0000000000000000, R13=0x000000008d7fcb28, R14=0x000000009bcdfe80, R15=0x00007f8e50314000
RIP=0x00007f8e550521fa, EFLAGS=0x0000000000010293, CSGSFS=0x0000000000000033, ERR=0x0000000000000006
  TRAPNO=0x000000000000000e

Top of Stack: (sp=0x00007f8e43c8aee0)
0x00007f8e43c8aee0:   0000000000000000 00007f8e55faeb60
0x00007f8e43c8aef0:   000000009d453d70 00007f8e55d5f5dc
0x00007f8e43c8af00:   000000008d7fcb28 00007f8e55fad770
0x00007f8e43c8af10:   200589fe00000036 000000008d7fcb28
0x00007f8e43c8af20:   000000009d5b63d8 000000008d7fc368
0x00007f8e43c8af30:   000000008d7fc8b8 00007f8e5646a3bc
0x00007f8e43c8af40:   000000008d7fcb28 000000008d7fc8b8
0x00007f8e43c8af50:   200589fe00000008 000000009b36b790
0x00007f8e43c8af60:   0000000400fbcfdb 000000008d7fc3b8
0x00007f8e43c8af70:   000000008d7fcb28 000000008d7fcad8
0x00007f8e43c8af80:   200589fe000000d0 000000008d7fcb28
0x00007f8e43c8af90:   000000009d460c94 000000009b137668
0x00007f8e43c8afa0:   000000009d453d70 00007f8e55d6987c
0x00007f8e43c8afb0:   0000000000000000 00007f8e68ad0000
0x00007f8e43c8afc0:   000000009d5b63d8 00000000a73c0070
0x00007f8e43c8afd0:   000000008d7fc568 000000008d7fc680
0x00007f8e43c8afe0:   000000008d7fc3b8 0000000000000001
0x00007f8e43c8aff0:   000000009d5f8c88 00000000a7fd3ad0
0x00007f8e43c8b000:   000000009d453d70 00007f8e55e2d9dc
0x00007f8e43c8b010:   0000000000000033 00007f8e55fb76f8
0x00007f8e43c8b020:   200537b800000001 00000001001c5b18
0x00007f8e43c8b030:   0000000000000033 00007f8e5640b9f8
0x00007f8e43c8b040:   0000003300000036 0000000100028e20
0x00007f8e43c8b050:   000000008d7fc768 0000003600000002
0x00007f8e43c8b060:   ffffffffffffffff 0000000000000036
0x00007f8e43c8b070:   000000358d7fc3e8 00000000a2b741a0
0x00007f8e43c8b080:   000000008d7fc8b8 0000000000000004
0x00007f8e43c8b090:   000000009d453d70 00007f8e55ddad14
0x00007f8e43c8b0a0:   000549e900000000 000000009d829620
0x00007f8e43c8b0b0:   000000d0000000dc 00000000000000d0
0x00007f8e43c8b0c0:   000000009b0f2a38 000000008d7fcad8
0x00007f8e43c8b0d0:   000000008d7fcb18 000000008d7fcb28 

Instructions: (pc=0x00007f8e550521fa)
0x00007f8e550521da:   d6 c8 c5 fe 6f 4c d7 e8 c5 fe 7f 4c d6 e8 48 83
0x00007f8e550521ea:   c2 08 7e e2 48 83 ea 04 7f 10 c5 fe 6f 44 d7 e8
0x00007f8e550521fa:   c5 fe 7f 44 d6 e8 48 83 c2 04 c5 fd ef c0 c5 f5
0x00007f8e5505220a:   ef c9 48 83 ea 04 0f 8c 67 ff ff ff e9 71 ff ff 

Register to memory mapping:

RAX=